info it worked if it ends with ok
verbose cli [ 'node', '/usr/local/bin/npm', 'install', 'timbits', '-g' ]
info using npm@1.1.12
info using node@v0.6.3
verbose config file /home/ks/.npmrc
verbose config file /usr/local/etc/npmrc
verbose config file /usr/local/lib/node_modules/npm/npmrc
verbose cache add [ 'timbits', null ]
silly cache add: name, spec, args [ undefined, 'timbits', [ 'timbits', null ] ]
verbose parsed url { pathname: 'timbits', path: 'timbits', href: 'timbits' }
verbose addNamed [ 'timbits', '' ]
verbose addNamed [ null, '' ]
silly name, range, hasData [ 'timbits', '', false ]
verbose raw, before any munging timbits
verbose url resolving [ 'https://registry.npmjs.org/', './timbits' ]
verbose url resolved https://registry.npmjs.org/timbits
verbose etag "7CHT0QK2K6LZWERRKWXKFM85"
http GET https://registry.npmjs.org/timbits
http 304 https://registry.npmjs.org/timbits
silly get cb [ 304,
silly get cb   { server: 'CouchDB/1.2.0 (Erlang OTP/R15B)',
silly get cb     etag: '"7CHT0QK2K6LZWERRKWXKFM85"',
silly get cb     date: 'Sun, 25 Mar 2012 14:04:26 GMT',
silly get cb     'content-length': '0' } ]
verbose etag timbits from cache
silly name, range, hasData 2 [ 'timbits', '', true ]
silly versions [ 'timbits',
silly versions   [ '0.0.7',
silly versions     '0.1.0',
silly versions     '0.1.1',
silly versions     '0.1.2',
silly versions     '0.1.3',
silly versions     '0.2.0',
silly versions     '0.3.0',
silly versions     '0.3.1',
silly versions     '0.3.2',
silly versions     '0.3.3',
silly versions     '0.4.0',
silly versions     '0.4.1',
silly versions     '0.4.2',
silly versions     '0.5.0' ] ]
verbose bin dist [ '0.6-ares1.7.5-DEV-evundefined-openssl0.9.8k-v83.6.6.8-linux-ia32-2.6.32-40-generic',
verbose bin dist   { shasum: '800bdedb449c166869f33a5a5eb722f8532cab7c',
verbose bin dist     tarball: 'http://registry.npmjs.org/timbits/-/timbits-0.5.0.tgz' } ]
verbose caching /home/ks/.npm/timbits/0.5.0/package/package.json
verbose loadDefaults timbits@0.5.0
silly resolved [ { name: 'timbits',
silly resolved     description: 'Widget framework based on Express and CoffeeScript',
silly resolved     version: '0.5.0',
silly resolved     homepage: 'https://github.com/Postmedia/timbits',
silly resolved     author: 
silly resolved      { name: 'Edward de Groot',
silly resolved        email: 'edegroot@postmedia.com',
silly resolved        url: 'http://mred9.wordpress.com' },
silly resolved     contributors: 
silly resolved      [ { name: 'Keith Benedict', email: 'kbenedict@postmedia.com' },
silly resolved        { name: 'Stephen Veerman', email: 'sveerman@postmedia.com' },
silly resolved        { name: 'Kevin Gamble', email: 'kgamble@postmedia.com' } ],
silly resolved     dependencies: 
silly resolved      { 'coffee-script': '>= 1.2.0',
silly resolved        coffeekup: '>= 0.3.1',
silly resolved        'coloured-log': '>= 0.9.7',
silly resolved        'connect-assets': '= 2.0.0-rc1',
silly resolved        'connect-esi': '>= 0.1.7',
silly resolved        'connect-less': '>= 0.2.3',
silly resolved        express: '>= 2.5.6',
silly resolved        'jsonp-filter': '>= 0.0.2',
silly resolved        pantry: '>= 0.3.0',
silly resolved        request: '>= 2.9.1',
silly resolved        optimist: '>= 0.2.6',
silly resolved        run: '>= 0.2.3' },
silly resolved     devDependencies: { vows: '>= 0.6.1', request: '>= 2.9.100' },
silly resolved     bugs: { url: 'https://github.com/Postmedia/timbits/issues' },
silly resolved     licenses: 
silly resolved      [ { type: 'MIT',
silly resolved          url: 'https://github.com/Postmedia/timbits/blob/master/LICENSE' } ],
silly resolved     keywords: [ 'framework', 'widgets', 'express', 'coffeescript', 'coffeekup' ],
silly resolved     repository: { type: 'git', url: 'git://github.com/postmedia/timbits.git' },
silly resolved     main: './lib/timbits',
silly resolved     bin: { timbits: './bin/timbits' },
silly resolved     scripts: { build: 'cake build' },
silly resolved     engines: { node: '>= 0.4.5' },
silly resolved     _id: 'timbits@0.5.0',
silly resolved     optionalDependencies: {},
silly resolved     _engineSupported: true,
silly resolved     _npmVersion: '1.1.12',
silly resolved     _nodeVersion: 'v0.6.3',
silly resolved     _defaultsLoaded: true,
silly resolved     _from: 'timbits' } ]
info into /usr/local/lib timbits@0.5.0
info installOne timbits@0.5.0
verbose from cache /home/ks/.npm/timbits/0.5.0/package/package.json
info unbuild /usr/local/lib/node_modules/timbits
verbose mkdir (expected) error ENOENT, no such file or directory '/usr/local/lib/node_modules/timbits'
verbose unpack_ uid, gid [ undefined, undefined ]
verbose unpackTarget /usr/local/lib/node_modules/timbits
info unbuild /usr/local/lib/node_modules/timbits
ERR! Error: EACCES, permission denied '/usr/local/lib/node_modules/timbits'
ERR! 
ERR! Please try running this command again as root/Administrator.
ERR! 
ERR! System Linux 2.6.32-40-generic
ERR! command "node" "/usr/local/bin/npm" "install" "timbits" "-g"
ERR! cwd /home/ks/Downloads/weather
ERR! node -v v0.6.3
ERR! npm -v 1.1.12
ERR! path /usr/local/lib/node_modules/timbits
ERR! code EACCES
ERR! message EACCES, permission denied '/usr/local/lib/node_modules/timbits'
ERR! errno {}
verbose exit [ 1, true ]
